Starting email check at Mon Apr 14 03:52:01 PM EDT 2025
Attempt 1 of 8
Running email check for 2025-04-14...
/home/me/src/ib_comm/src/jungle_rock/email_checker.sh: line 36: python: command not found
No emails found yet. Waiting 60 seconds before next attempt...
Attempt 2 of 8
Running email check for 2025-04-14...
/home/me/src/ib_comm/src/jungle_rock/email_checker.sh: line 36: python: command not found
No emails found yet. Waiting 60 seconds before next attempt...
Attempt 3 of 8
Running email check for 2025-04-14...
/home/me/src/ib_comm/src/jungle_rock/email_checker.sh: line 36: python: command not found
No emails found yet. Waiting 60 seconds before next attempt...
Attempt 4 of 8
Running email check for 2025-04-14...
/home/me/src/ib_comm/src/jungle_rock/email_checker.sh: line 36: python: command not found
No emails found yet. Waiting 60 seconds before next attempt...
Attempt 5 of 8
Running email check for 2025-04-14...
/home/me/src/ib_comm/src/jungle_rock/email_checker.sh: line 36: python: command not found
No emails found yet. Waiting 60 seconds before next attempt...
Attempt 6 of 8
Running email check for 2025-04-14...
/home/me/src/ib_comm/src/jungle_rock/email_checker.sh: line 36: python: command not found
No emails found yet. Waiting 60 seconds before next attempt...
Attempt 7 of 8
Running email check for 2025-04-14...
/home/me/src/ib_comm/src/jungle_rock/email_checker.sh: line 36: python: command not found
No emails found yet. Waiting 60 seconds before next attempt...
Attempt 8 of 8
Running email check for 2025-04-14...
/home/me/src/ib_comm/src/jungle_rock/email_checker.sh: line 36: python: command not found
Maximum attempts reached. No emails found.
