Starting email check at Wed Apr 16 03:52:01 PM EDT 2025
Attempt 1 of 8
Running email check for 2025-04-16...
No emails matched the filter criteria
No emails found yet. Waiting 60 seconds before next attempt...
Attempt 2 of 8
Running email check for 2025-04-16...
No emails matched the filter criteria
No emails found yet. Waiting 60 seconds before next attempt...
Attempt 3 of 8
Running email check for 2025-04-16...
Fetched 3 emails, stored 3 new emails
Success: Emails found and processed!
Starting email check at Thu Apr 17 03:52:01 PM EDT 2025
Attempt 1 of 8
Running email check for 2025-04-17...
No emails matched the filter criteria
No emails found yet. Waiting 60 seconds before next attempt...
Attempt 2 of 8
Running email check for 2025-04-17...
No emails matched the filter criteria
No emails found yet. Waiting 60 seconds before next attempt...
Attempt 3 of 8
Running email check for 2025-04-17...
Fetched 4 emails, stored 4 new emails
Success: Emails found and processed!
Waiting 10 seconds to check for additional emails...
Running second check for recent emails...
Running email check for 2025-04-17...
Fetched 4 emails, stored 0 new emails
Sending success notification...
Notification sent
Starting email check at Fri Apr 18 03:52:01 PM EDT 2025
Attempt 1 of 8
Running email check for 2025-04-18...
No emails matched the filter criteria
No emails found yet. Waiting 60 seconds before next attempt...
Attempt 2 of 8
Running email check for 2025-04-18...
No emails matched the filter criteria
No emails found yet. Waiting 60 seconds before next attempt...
Attempt 3 of 8
Running email check for 2025-04-18...
No emails matched the filter criteria
No emails found yet. Waiting 60 seconds before next attempt...
Attempt 4 of 8
Running email check for 2025-04-18...
No emails matched the filter criteria
No emails found yet. Waiting 60 seconds before next attempt...
Attempt 5 of 8
Running email check for 2025-04-18...
No emails matched the filter criteria
No emails found yet. Waiting 60 seconds before next attempt...
Attempt 6 of 8
Running email check for 2025-04-18...
No emails matched the filter criteria
No emails found yet. Waiting 60 seconds before next attempt...
Attempt 7 of 8
Running email check for 2025-04-18...
No emails matched the filter criteria
No emails found yet. Waiting 60 seconds before next attempt...
Attempt 8 of 8
Running email check for 2025-04-18...
No emails matched the filter criteria
Maximum attempts reached. No emails found.
Sending failure notification...
Notification sent
Starting email check at Mon Apr 21 03:52:01 PM EDT 2025
Attempt 1 of 8
Running email check for 2025-04-21...
Error: b'no such user'
No emails found yet. Waiting 60 seconds before next attempt...
Attempt 2 of 8
Running email check for 2025-04-21...
Error: b'no such user'
No emails found yet. Waiting 60 seconds before next attempt...
Attempt 3 of 8
Running email check for 2025-04-21...
Error: b'too many login attempts'
No emails found yet. Waiting 60 seconds before next attempt...
Attempt 4 of 8
Running email check for 2025-04-21...
Error: b'no such user'
No emails found yet. Waiting 60 seconds before next attempt...
Attempt 5 of 8
Running email check for 2025-04-21...
Error: b'no such user'
No emails found yet. Waiting 60 seconds before next attempt...
Attempt 6 of 8
Running email check for 2025-04-21...
Error: b'too many login attempts'
No emails found yet. Waiting 60 seconds before next attempt...
Attempt 7 of 8
Running email check for 2025-04-21...
Error: b'no such user'
No emails found yet. Waiting 60 seconds before next attempt...
Attempt 8 of 8
Running email check for 2025-04-21...
Error: b'no such user'
Maximum attempts reached. No emails found.
Sending failure notification...
Notification failed
Starting email check at Tue Apr 22 03:52:01 PM EDT 2025
Attempt 1 of 8
Running email check for 2025-04-22...
Error: b'no such user'
No emails found yet. Waiting 60 seconds before next attempt...
Attempt 2 of 8
Running email check for 2025-04-22...
Error: b'no such user'
No emails found yet. Waiting 60 seconds before next attempt...
Attempt 3 of 8
Running email check for 2025-04-22...
Error: b'too many login attempts'
No emails found yet. Waiting 60 seconds before next attempt...
Attempt 4 of 8
Running email check for 2025-04-22...
Error: b'no such user'
No emails found yet. Waiting 60 seconds before next attempt...
Attempt 5 of 8
Running email check for 2025-04-22...
Error: b'no such user'
No emails found yet. Waiting 60 seconds before next attempt...
Attempt 6 of 8
Running email check for 2025-04-22...
Error: b'too many login attempts'
No emails found yet. Waiting 60 seconds before next attempt...
Attempt 7 of 8
Running email check for 2025-04-22...
Error: b'no such user'
No emails found yet. Waiting 60 seconds before next attempt...
Attempt 8 of 8
Running email check for 2025-04-22...
Error: b'no such user'
Maximum attempts reached. No emails found.
Sending failure notification...
Notification failed
Starting email check at Wed Apr 23 03:52:01 PM EDT 2025
Attempt 1 of 8
Running email check for 2025-04-23...
Error: b'too many login attempts'
No emails found yet. Waiting 60 seconds before next attempt...
Attempt 2 of 8
Running email check for 2025-04-23...
Error: b'no such user'
No emails found yet. Waiting 60 seconds before next attempt...
Attempt 3 of 8
Running email check for 2025-04-23...
Error: b'no such user'
No emails found yet. Waiting 60 seconds before next attempt...
Attempt 4 of 8
Running email check for 2025-04-23...
Error: b'too many login attempts'
No emails found yet. Waiting 60 seconds before next attempt...
Attempt 5 of 8
Running email check for 2025-04-23...
Error: b'no such user'
No emails found yet. Waiting 60 seconds before next attempt...
Attempt 6 of 8
Running email check for 2025-04-23...
Error: b'no such user'
No emails found yet. Waiting 60 seconds before next attempt...
Attempt 7 of 8
Running email check for 2025-04-23...
Error: b'too many login attempts'
No emails found yet. Waiting 60 seconds before next attempt...
Attempt 8 of 8
Running email check for 2025-04-23...
Error: b'no such user'
Maximum attempts reached. No emails found.
Sending failure notification...
Notification failed
Starting email check at Thu Apr 24 03:52:01 PM EDT 2025
Attempt 1 of 8
Running email check for 2025-04-24...
Error: b'no such user'
No emails found yet. Waiting 60 seconds before next attempt...
Attempt 2 of 8
Running email check for 2025-04-24...
Error: b'too many login attempts'
No emails found yet. Waiting 60 seconds before next attempt...
Attempt 3 of 8
Running email check for 2025-04-24...
Error: b'no such user'
No emails found yet. Waiting 60 seconds before next attempt...
Attempt 4 of 8
Running email check for 2025-04-24...
Error: b'no such user'
No emails found yet. Waiting 60 seconds before next attempt...
Attempt 5 of 8
Running email check for 2025-04-24...
Error: b'too many login attempts'
No emails found yet. Waiting 60 seconds before next attempt...
Attempt 6 of 8
Running email check for 2025-04-24...
Error: b'no such user'
No emails found yet. Waiting 60 seconds before next attempt...
Attempt 7 of 8
Running email check for 2025-04-24...
Error: b'no such user'
No emails found yet. Waiting 60 seconds before next attempt...
Attempt 8 of 8
Running email check for 2025-04-24...
Error: b'too many login attempts'
Maximum attempts reached. No emails found.
Sending failure notification...
Notification failed
Starting email check at Fri Apr 25 03:52:01 PM EDT 2025
Attempt 1 of 8
Running email check for 2025-04-25...
Error: b'no such user'
No emails found yet. Waiting 60 seconds before next attempt...
Attempt 2 of 8
Running email check for 2025-04-25...
Error: b'no such user'
No emails found yet. Waiting 60 seconds before next attempt...
Attempt 3 of 8
Running email check for 2025-04-25...
Error: b'too many login attempts'
No emails found yet. Waiting 60 seconds before next attempt...
Attempt 4 of 8
Running email check for 2025-04-25...
Error: b'no such user'
No emails found yet. Waiting 60 seconds before next attempt...
Attempt 5 of 8
Running email check for 2025-04-25...
Error: b'no such user'
No emails found yet. Waiting 60 seconds before next attempt...
Attempt 6 of 8
Running email check for 2025-04-25...
Error: b'too many login attempts'
No emails found yet. Waiting 60 seconds before next attempt...
Attempt 7 of 8
Running email check for 2025-04-25...
Error: b'no such user'
No emails found yet. Waiting 60 seconds before next attempt...
Attempt 8 of 8
Running email check for 2025-04-25...
Error: b'no such user'
Maximum attempts reached. No emails found.
Sending failure notification...
Notification failed
