Fetching earnings data for 2025-04-28...
Processing page 1 (offset: 0)...
Processed 100 rows from page 1
Processing page 2 (offset: 100)...
Processed 100 rows from page 2
Processing page 3 (offset: 200)...
Processed 100 rows from page 3
Processing page 4 (offset: 300)...
Processed 100 rows from page 4
Processing page 5 (offset: 400)...
Processed 100 rows from page 5
Processing page 6 (offset: 500)...
Processed 100 rows from page 6
Processing page 7 (offset: 600)...
Processed 100 rows from page 7
Processing page 8 (offset: 700)...
Processed 95 rows from page 8
Found 795 companies reporting earnings on 2025-04-28
Running trade recommendations analysis...
Processing MILFF (1/795)...
Error processing MILFF: Error occured processing
Processing ZGBEF (2/795)...
Error processing ZGBEF: Error occured processing
Processing ALPP (3/795)...
Error processing ALPP: Error occured processing
Processing FNINF (4/795)...
Error processing FNINF: Error occured processing
Processing AAGRY (5/795)...
Error processing AAGRY: Error occured processing
Processing ABCB (6/795)...
Error processing ABCB: Error occured processing
Processing ACEHF (7/795)...
Error processing ACEHF: Error occured processing
Processing ACRG (8/795)...
Error processing ACRG: Error occured processing
Processing ADOOY (9/795)...
Error processing ADOOY: Error occured processing
Processing ADXDF (10/795)...
Error processing ADXDF: Error occured processing
Processing AEPLF (11/795)...
Error processing AEPLF: Error occured processing
Processing AEXFF (12/795)...
Error processing AEXFF: Error occured processing
Processing AFBI (13/795)...
Error processing AFBI: Error occured processing
Processing AFMD (14/795)...
Error processing AFMD: Error occured processing
Processing AFMJF (15/795)...
Error processing AFMJF: Error occured processing
Processing AGAE (16/795)...
Error processing AGAE: Error occured processing
Processing AHNMF (17/795)...
Error processing AHNMF: Error occured processing
Processing AJIA (18/795)...
Error processing AJIA: Error occured processing
Processing AKO-A (19/795)...
Error processing AKO-A: Error occured processing
Processing AKO-B (20/795)...
Error processing AKO-B: Error occured processing
Processing ALLGF (21/795)...
Error processing ALLGF: Error occured processing
Processing ALPIB (22/795)...
Error processing ALPIB: Error occured processing
Processing ALRS (23/795)...
Error processing ALRS: Error occured processing
Processing ALTPF (24/795)...
Error processing ALTPF: Error occured processing
Processing AMBR (25/795)...
Error processing AMBR: Error occured processing
Processing AMBZ (26/795)...
Error processing AMBZ: Error occured processing
Processing AMKR (27/795)...
Error processing AMKR: Error occured processing
Processing AMPE (28/795)...
Error processing AMPE: Error occured processing
Processing AMRN (29/795)...
Error processing AMRN: Error occured processing
Processing ANGGF (30/795)...
Error processing ANGGF: Error occured processing
Processing ANL (31/795)...
Error processing ANL: Error occured processing
Processing AOREF (32/795)...
Error processing AOREF: Error occured processing
Processing APM (33/795)...
Error processing APM: Error occured processing
Processing AQSZF (34/795)...
Error processing AQSZF: Error occured processing
Processing ARAT (35/795)...
Error processing ARAT: Error occured processing
Processing ARAT (36/795)...
Error processing ARAT: Error occured processing
Processing ARDS (37/795)...
Error processing ARDS: Error occured processing
Processing ARE (38/795)...
Error processing ARE: Error occured processing
Processing AREC (39/795)...
Error processing AREC: Error occured processing
Processing ARLP (40/795)...
Error processing ARLP: Error occured processing
Processing AROC (41/795)...
Error processing AROC: Error occured processing
Processing AROW (42/795)...
Error processing AROW: Error occured processing
Processing ASAPF (43/795)...
Error processing ASAPF: Error occured processing
Processing ASPS (44/795)...
Error processing ASPS: Error occured processing
Processing AUMMF (45/795)...
Error processing AUMMF: Error occured processing
Processing AUVIQ (46/795)...
Error processing AUVIQ: Error occured processing
Processing AUVIQ (47/795)...
Error processing AUVIQ: Error occured processing
Processing AUVIQ (48/795)...
Error processing AUVIQ: Error occured processing
Processing AUVPQ (49/795)...
Error processing AUVPQ: Error occured processing
Processing AUVPQ (50/795)...
Error processing AUVPQ: Error occured processing
Processing AUVPQ (51/795)...
Error processing AUVPQ: Error occured processing
Processing AVCRF (52/795)...
Error processing AVCRF: Error occured processing
Processing AVCTF (53/795)...
Error processing AVCTF: Error occured processing
Processing AZASF (54/795)...
Error processing AZASF: Error occured processing
Processing AZREF (55/795)...
Error processing AZREF: Error occured processing
Processing AZZTF (56/795)...
Error processing AZZTF: Error occured processing
Processing BBKCF (57/795)...
Error processing BBKCF: Error occured processing
Processing BLUAF (58/795)...
Error processing BLUAF: Error occured processing
Processing BLUVF (59/795)...
Error processing BLUVF: Error occured processing
Processing BMMJ (60/795)...
Error processing BMMJ: Error occured processing
Processing BTCWF (61/795)...
Error processing BTCWF: Error occured processing
Processing CCIR (62/795)...
Error processing CCIR: Error occured processing
Processing CCIRU (63/795)...
Error processing CCIRU: Error occured processing
Processing CLVSF (64/795)...
Error processing CLVSF: Error occured processing
Processing CSTPF (65/795)...
Error processing CSTPF: Error occured processing
Processing CTTRF (66/795)...
Error processing CTTRF: Error occured processing
Processing CTTTF (67/795)...
Error processing CTTTF: Error occured processing
Processing DBOEF (68/795)...
Error processing DBOEF: Error occured processing
Processing DBOEY (69/795)...
Error processing DBOEY: Error occured processing
Processing DSAQ (70/795)...
Error processing DSAQ: Error occured processing
Processing DSAQU (71/795)...
Error processing DSAQU: Error occured processing
Processing DTMXF (72/795)...
Error processing DTMXF: Error occured processing
Processing ESIFF (73/795)...
Error processing ESIFF: Error occured processing
Processing FFMH (74/795)...
Error processing FFMH: Error occured processing
Processing FMFG (75/795)...
Error processing FMFG: Error occured processing
Processing FNMA (76/795)...
Error processing FNMA: Error occured processing
Processing FNMAG (77/795)...
Error processing FNMAG: Error occured processing
Processing FNMAH (78/795)...
Error processing FNMAH: Error occured processing
Processing FNMAI (79/795)...
Error processing FNMAI: Error occured processing
Processing FNMAJ (80/795)...
Error processing FNMAJ: Error occured processing
Processing FNMAK (81/795)...
Error processing FNMAK: Error occured processing
Processing FNMAL (82/795)...
Error processing FNMAL: Error occured processing
Processing FNMAM (83/795)...
Error processing FNMAM: Error occured processing
Processing FNMAN (84/795)...
Error processing FNMAN: Error occured processing
Processing FNMAO (85/795)...
Error processing FNMAO: Error occured processing
Processing FNMAP (86/795)...
Error processing FNMAP: Error occured processing
Processing FNMAS (87/795)...
Error processing FNMAS: Error occured processing
Processing FNMAT (88/795)...
Error processing FNMAT: Error occured processing
Processing FNMFM (89/795)...
Error processing FNMFM: Error occured processing
Processing FNMFN (90/795)...
Error processing FNMFN: Error occured processing
Processing FNMFO (91/795)...
Error processing FNMFO: Error occured processing
Processing GABC (92/795)...
Error processing GABC: Error occured processing
Processing GAERF (93/795)...
Error processing GAERF: Error occured processing
Processing GBDMF (94/795)...
Error processing GBDMF: Error occured processing
Processing GBXXY (95/795)...
Error processing GBXXY: Error occured processing
Processing GFAI (96/795)...
Error processing GFAI: Error occured processing
Processing GPRHF (97/795)...
Error processing GPRHF: Error occured processing
Processing GRVWF (98/795)...
Error processing GRVWF: Error occured processing
Processing HISEF (99/795)...
Error processing HISEF: Error occured processing
Processing IARGF (100/795)...
Error processing IARGF: Error occured processing
Processing IONM (101/795)...
Error processing IONM: Error occured processing
Processing IVCBF (102/795)...
Error processing IVCBF: Error occured processing
Processing IVCUF (103/795)...
Error processing IVCUF: Error occured processing
Processing KOAN (104/795)...
Error processing KOAN: Error occured processing
Processing LILIF (105/795)...
Error processing LILIF: Error occured processing
Processing LNDAF (106/795)...
Error processing LNDAF: Error occured processing
Processing LTM (107/795)...
Error processing LTM: Error occured processing
Processing MANZF (108/795)...
Error processing MANZF: Error occured processing
Processing MAOTF (109/795)...
Error processing MAOTF: Error occured processing
Processing MAQC (110/795)...
Error processing MAQC: Error occured processing
Processing MAQCU (111/795)...
Error processing MAQCU: Error occured processing
Processing MOYFF (112/795)...
Error processing MOYFF: Error occured processing
Processing MYNAY (113/795)...
Error processing MYNAY: Error occured processing
Processing NPPTF (114/795)...
Error processing NPPTF: Error occured processing
Processing OMAB (115/795)...
Error processing OMAB: Error occured processing
Processing OMMSF (116/795)...
Error processing OMMSF: Error occured processing
Processing PADEF (117/795)...
Error processing PADEF: Error occured processing
Processing PAEKY (118/795)...
Error processing PAEKY: Error occured processing
Processing PAIOF (119/795)...
Error processing PAIOF: Error occured processing
Processing PCASF (120/795)...
Error processing PCASF: Error occured processing
Processing PEASF (121/795)...
Error processing PEASF: Error occured processing
Processing PHDWY (122/795)...
Error processing PHDWY: Error occured processing
Processing PRST (123/795)...
Error processing PRST: Error occured processing
Processing PSAHF (124/795)...
Error processing PSAHF: Error occured processing
Processing PTABF (125/795)...
Error processing PTABF: Error occured processing
Processing PTAIF (126/795)...
Error processing PTAIF: Error occured processing
Processing PTAIY (127/795)...
Error processing PTAIY: Error occured processing
Processing PUCK (128/795)...
Error processing PUCK: Error occured processing
Processing PUCKU (129/795)...
Error processing PUCKU: Error occured processing
Processing RMIAF (130/795)...
Error processing RMIAF: Error occured processing
Processing RMRYF (131/795)...
Error processing RMRYF: Error occured processing
Processing SAENF (132/795)...
Error processing SAENF: Error occured processing
Processing SHXWF (133/795)...
Error processing SHXWF: Error occured processing
Processing SUAC (134/795)...
Error processing SUAC: Error occured processing
Processing SUACU (135/795)...
Error processing SUACU: Error occured processing
Processing TFSVF (136/795)...
Error processing TFSVF: Error occured processing
Processing TKGBF (137/795)...
Error processing TKGBF: Error occured processing
Processing TKGBY (138/795)...
Error processing TKGBY: Error occured processing
Processing TKGZY (139/795)...
Error processing TKGZY: Error occured processing
Processing USA (140/795)...
Error processing USA: Error occured processing
Processing USGDF (141/795)...
Error processing USGDF: Error occured processing
Processing VLRS (142/795)...
Error processing VLRS: Error occured processing
Processing VXTRF (143/795)...
Error processing VXTRF: Error occured processing
Processing WIHLY (144/795)...
Error processing WIHLY: Error occured processing
Processing WUXAY (145/795)...
Error processing WUXAY: Error occured processing
Processing WUXIF (146/795)...
Error processing WUXIF: Error occured processing
Processing YZOFF (147/795)...
Error processing YZOFF: Error occured processing
Processing BANT (148/795)...
Error processing BANT: Error occured processing
Processing BATXF (149/795)...
Error processing BATXF: Error occured processing
Processing BDOUF (150/795)...
Error processing BDOUF: Error occured processing
Processing BDOUY (151/795)...
Error processing BDOUY: Error occured processing
Processing BEDU (152/795)...
Error processing BEDU: Error occured processing
Processing BEGI (153/795)...
Error processing BEGI: Error occured processing
Processing BESS (154/795)...
Error processing BESS: Error occured processing
Processing BEVVF (155/795)...
Error processing BEVVF: Error occured processing
Processing BGACF (156/795)...
Error processing BGACF: Error occured processing
Processing BGUUF (157/795)...
Error processing BGUUF: Error occured processing
Processing BIGGQ (158/795)...
Error processing BIGGQ: Error occured processing
Processing BKU (159/795)...
Error processing BKU: Error occured processing
Processing BKUH (160/795)...
Error processing BKUH: Error occured processing
Processing BLGVF (161/795)...
Error processing BLGVF: Error occured processing
Processing BMRC (162/795)...
Error processing BMRC: Error occured processing
Processing BNDSF (163/795)...
Error processing BNDSF: Error occured processing
Processing BNDSY (164/795)...
Error processing BNDSY: Error occured processing
Processing BPTSY (165/795)...
Error processing BPTSY: Error occured processing
Processing BRO (166/795)...
Error processing BRO: Error occured processing
Processing BRX (167/795)...
Error processing BRX: Error occured processing
Processing BSBK (168/795)...
Error processing BSBK: Error occured processing
Processing BSBR (169/795)...
Error processing BSBR: Error occured processing
Processing BSFC (170/795)...
Error processing BSFC: Error occured processing
Processing BSFO (171/795)...
Error processing BSFO: Error occured processing
Processing BSHI (172/795)...
Error processing BSHI: Error occured processing
Processing BSMAF (173/795)...
Error processing BSMAF: Error occured processing
Processing BSRR (174/795)...
Error processing BSRR: Error occured processing
Processing BTTX (175/795)...
Error processing BTTX: Error occured processing
Processing BWTL (176/795)...
Error processing BWTL: Error occured processing
Processing BYON (177/795)...
Error processing BYON: Error occured processing
Processing CANB (178/795)...
Error processing CANB: Error occured processing
Processing CASBF (179/795)...
Error processing CASBF: Error occured processing
Processing CBNK (180/795)...
Error processing CBNK: Error occured processing
Processing CBNT (181/795)...
Error processing CBNT: Error occured processing
Processing CZBT (182/795)...
Error processing CZBT: Error occured processing
Processing CZWI (183/795)...
Error processing CZWI: Error occured processing
Processing EBMT (184/795)...
Error processing EBMT: Error occured processing
Processing EKSO (185/795)...
Error processing EKSO: Error occured processing
Processing ENTBF (186/795)...
Error processing ENTBF: Error occured processing
Processing EVBN (187/795)...
Error processing EVBN: Error occured processing
Processing EVLO (188/795)...
Error processing EVLO: Error occured processing
Processing FBRT (189/795)...
Error processing FBRT: Error occured processing
Processing FBRT-PE (190/795)...
Error processing FBRT-PE: Error occured processing
Processing FGBI (191/795)...
Error processing FGBI: Error occured processing
Processing FGBIP (192/795)...
Error processing FGBIP: Error occured processing
Processing FMAO (193/795)...
Error processing FMAO: Error occured processing
Processing FMBM (194/795)...
Error processing FMBM: Error occured processing
Processing FNRN (195/795)...
Error processing FNRN: Error occured processing
Processing FNWD (196/795)...
Error processing FNWD: Error occured processing
Processing FOTB (197/795)...
Error processing FOTB: Error occured processing
Processing FSBC (198/795)...
Error processing FSBC: Error occured processing
Processing FSUN (199/795)...
Error processing FSUN: Error occured processing
Processing FTBYF (200/795)...
Error processing FTBYF: Error occured processing
Processing GLBZ (201/795)...
Error processing GLBZ: Error occured processing
Processing HBSI (202/795)...
Error processing HBSI: Error occured processing
Processing HFBL (203/795)...
Error processing HFBL: Error occured processing
Processing HRMY (204/795)...
Error processing HRMY: Error occured processing
Processing IROQ (205/795)...
Error processing IROQ: Error occured processing
Processing LEEEF (206/795)...
Error processing LEEEF: Error occured processing
Processing LOVFF (207/795)...
Error processing LOVFF: Error occured processing
Processing MBIN (208/795)...
Error processing MBIN: Error occured processing
Processing MBINL (209/795)...
Error processing MBINL: Error occured processing
Processing MBINM (210/795)...
Error processing MBINM: Error occured processing
Processing MBINN (211/795)...
Error processing MBINN: Error occured processing
Processing MSBI (212/795)...
Error processing MSBI: Error occured processing
Processing MSBIP (213/795)...
Error processing MSBIP: Error occured processing
Processing MVLY (214/795)...
Error processing MVLY: Error occured processing
Processing NAVB (215/795)...
Error processing NAVB: Error occured processing
Processing NBIO (216/795)...
Error processing NBIO: Error occured processing
Processing NKSH (217/795)...
Error processing NKSH: Error occured processing
Processing NSLYF (218/795)...
Error processing NSLYF: Error occured processing
Processing NWBI (219/795)...
Error processing NWBI: Error occured processing
Processing NWPP (220/795)...
Error processing NWPP: Error occured processing
Processing PBHC (221/795)...
Error processing PBHC: Error occured processing
Processing PBNNF (222/795)...
Error processing PBNNF: Error occured processing
Processing PPERF (223/795)...
Error processing PPERF: Error occured processing
Processing PPERY (224/795)...
Error processing PPERY: Error occured processing
Processing PTBRY (225/795)...
Error processing PTBRY: Error occured processing
Processing PTHIF (226/795)...
Error processing PTHIF: Error occured processing
Processing PTHIY (227/795)...
Error processing PTHIY: Error occured processing
Processing RBB (228/795)...
Error processing RBB: Error occured processing
Processing RGBP (229/795)...
Error processing RGBP: Error occured processing
Processing RGBPP (230/795)...
Error processing RGBPP: Error occured processing
Processing RILY (231/795)...
Error processing RILY: Error occured processing
Processing RILYL (232/795)...
Error processing RILYL: Error occured processing
Processing RILYP (233/795)...
Error processing RILYP: Error occured processing
Processing RKFL (234/795)...
Error processing RKFL: Error occured processing
Processing RRBI (235/795)...
Error processing RRBI: Error occured processing
Processing SFBC (236/795)...
Error processing SFBC: Error occured processing
Processing SQZB (237/795)...
Error processing SQZB: Error occured processing
Processing SQZB (238/795)...
Error processing SQZB: Error occured processing
Processing SRBCF (239/795)...
Error processing SRBCF: Error occured processing
Processing SSBI (240/795)...
Error processing SSBI: Error occured processing
Processing STBI (241/795)...
Error processing STBI: Error occured processing
Processing TBBA (242/795)...
Error processing TBBA: Error occured processing
Processing TBVPF (243/795)...
Error processing TBVPF: Error occured processing
Processing TBVPY (244/795)...
Error processing TBVPY: Error occured processing
Processing TRCY (245/795)...
Error processing TRCY: Error occured processing
Processing TSGTF (246/795)...
Error processing TSGTF: Error occured processing
Processing TSGTY (247/795)...
Error processing TSGTY: Error occured processing
Processing TUPBQ (248/795)...
Error processing TUPBQ: Error occured processing
Processing UNJCF (249/795)...
Error processing UNJCF: Error occured processing
Processing WMPN (250/795)...
Error processing WMPN: Error occured processing
Processing YTENQ (251/795)...
Error processing YTENQ: Error occured processing
Processing AGCCF (252/795)...
Error processing AGCCF: Error occured processing
Processing AHFCF (253/795)...
Error processing AHFCF: Error occured processing
Processing AIXI (254/795)...
Error processing AIXI: Error occured processing
Processing ASXSF (255/795)...
Error processing ASXSF: Error occured processing
Processing BLONF (256/795)...
Error processing BLONF: Error occured processing
Processing CAMJF (257/795)...
Error processing CAMJF: Error occured processing
Processing CANN (258/795)...
Error processing CANN: Error occured processing
Processing CATPF (259/795)...
Error processing CATPF: Error occured processing
Processing CAZGF (260/795)...
Error processing CAZGF: Error occured processing
Processing CBGZF (261/795)...
Error processing CBGZF: Error occured processing
Processing CCB (262/795)...
Error processing CCB: Error occured processing
Processing CCEC (263/795)...
Error processing CCEC: Error occured processing
Processing CCEDF (264/795)...
Error processing CCEDF: Error occured processing
Processing CCK (265/795)...
Error processing CCK: Error occured processing
Processing CDNS (266/795)...
Error processing CDNS: Error occured processing
Processing CDP (267/795)...
Error processing CDP: Error occured processing
Processing CDSAF (268/795)...
Error processing CDSAF: Error occured processing
Processing CDXFF (269/795)...
Error processing CDXFF: Error occured processing
Processing CEIN (270/795)...
Error processing CEIN: Error occured processing
Processing CGFEF (271/795)...
Error processing CGFEF: Error occured processing
Processing CGRA (272/795)...
Error processing CGRA: Error occured processing
Processing CHELF (273/795)...
Error processing CHELF: Error occured processing
Processing CHKKD (274/795)...
Error processing CHKKD: Error occured processing
Processing CHKKF (275/795)...
Error processing CHKKF: Error occured processing
Processing CHMX (276/795)...
Error processing CHMX: Error occured processing
Processing CHNR (277/795)...
Error processing CHNR: Error occured processing
Processing CHPGF (278/795)...
Error processing CHPGF: Error occured processing
Processing CHUC (279/795)...
Error processing CHUC: Error occured processing
Processing CHUEF (280/795)...
Error processing CHUEF: Error occured processing
Processing CHX (281/795)...
Error processing CHX: Error occured processing
Processing CINF (282/795)...
Error processing CINF: Error occured processing
Processing CIPI (283/795)...
Error processing CIPI: Error occured processing
Processing CITAF (284/795)...
Error processing CITAF: Error occured processing
Processing CITAY (285/795)...
Error processing CITAY: Error occured processing
Processing CKOCF (286/795)...
Error processing CKOCF: Error occured processing
Processing CLBK (287/795)...
Error processing CLBK: Error occured processing
Processing CLPXF (288/795)...
Error processing CLPXF: Error occured processing
Processing CLPXY (289/795)...
Error processing CLPXY: Error occured processing
Processing CLVR (290/795)...
Error processing CLVR: Error occured processing
Processing CLWT (291/795)...
Error processing CLWT: Error occured processing
Processing CMGO (292/795)...
Error processing CMGO: Error occured processing
Processing CMZOF (293/795)...
Error processing CMZOF: Error occured processing
Processing CNAF (294/795)...
Error processing CNAF: Error occured processing
Processing CNICF (295/795)...
Error processing CNICF: Error occured processing
Processing CNO (296/795)...
Error processing CNO: Error occured processing
Processing CNVAF (297/795)...
Error processing CNVAF: Error occured processing
Processing COGDF (298/795)...
Error processing COGDF: Error occured processing
Processing CPAC (299/795)...
Error processing CPAC: Error occured processing
Processing CQRLF (300/795)...
Error processing CQRLF: Error occured processing
Processing CR (301/795)...
Error processing CR: Error occured processing
Processing CRAWA (302/795)...
Error processing CRAWA: Error occured processing
Processing CRCW (303/795)...
Error processing CRCW: Error occured processing
Processing CRDE (304/795)...
Error processing CRDE: Error occured processing
Processing CRDL (305/795)...
Error processing CRDL: Error occured processing
Processing CRTG (306/795)...
Error processing CRTG: Error occured processing
Processing CRWE (307/795)...
Error processing CRWE: Error occured processing
Processing CSMRF (308/795)...
Error processing CSMRF: Error occured processing
Processing CSTXF (309/795)...
Error processing CSTXF: Error occured processing
Processing CTHR (310/795)...
Error processing CTHR: Error occured processing
Processing CTHR (311/795)...
Error processing CTHR: Error occured processing
Processing CTRM (312/795)...
Error processing CTRM: Error occured processing
Processing CTVEF (313/795)...
Error processing CTVEF: Error occured processing
Processing CVI (314/795)...
Error processing CVI: Error occured processing
Processing CX (315/795)...
Error processing CX: Error occured processing
Processing CXMSF (316/795)...
Error processing CXMSF: Error occured processing
Processing CZFS (317/795)...
Error processing CZFS: Error occured processing
Processing DCSX (318/795)...
Error processing DCSX: Error occured processing
Processing DDMGF (319/795)...
Error processing DDMGF: Error occured processing
Processing DESP (320/795)...
Error processing DESP: Error occured processing
Processing DFCO (321/795)...
Error processing DFCO: Error occured processing
Processing DFCO (322/795)...
Error processing DFCO: Error occured processing
Processing DGDCF (323/795)...
Error processing DGDCF: Error occured processing
Processing DIPGF (324/795)...
Error processing DIPGF: Error occured processing
Processing EAWD (325/795)...
Error processing EAWD: Error occured processing
Processing ECLMF (326/795)...
Error processing ECLMF: Error occured processing
Processing EFSC (327/795)...
Error processing EFSC: Error occured processing
Processing EFSCP (328/795)...
Error processing EFSCP: Error occured processing
Processing EKGGF (329/795)...
Error processing EKGGF: Error occured processing
Processing EMGDF (330/795)...
Error processing EMGDF: Error occured processing
Processing ENGC (331/795)...
Error processing ENGC: Error occured processing
Processing ENGCQ (332/795)...
Error processing ENGCQ: Error occured processing
Processing ENIC (333/795)...
Error processing ENIC: Error occured processing
Processing EU (334/795)...
Error processing EU: Error occured processing
Processing FDOGF (335/795)...
Error processing FDOGF: Error occured processing
Processing FLIC (336/795)...
Error processing FLIC: Error occured processing
Processing FMOCF (337/795)...
Error processing FMOCF: Error occured processing
Processing FMOCY (338/795)...
Error processing FMOCY: Error occured processing
Processing FMX (339/795)...
Error processing FMX: Error occured processing
Processing FMXUF (340/795)...
Error processing FMXUF: Error occured processing
Processing FRAF (341/795)...
Error processing FRAF: Error occured processing
Processing FRGGF (342/795)...
Error processing FRGGF: Error occured processing
Processing FRZCF (343/795)...
Error processing FRZCF: Error occured processing
Processing FULO (344/795)...
Error processing FULO: Error occured processing
Processing FXNC (345/795)...
Error processing FXNC: Error occured processing
Processing GBBGF (346/795)...
Error processing GBBGF: Error occured processing
Processing GCXXF (347/795)...
Error processing GCXXF: Error occured processing
Processing GLSDF (348/795)...
Error processing GLSDF: Error occured processing
Processing GNRGF (349/795)...
Error processing GNRGF: Error occured processing
Processing GORO (350/795)...
Error processing GORO: Error occured processing
Processing GRAM (351/795)...
Error processing GRAM: Error occured processing
Processing GRPOF (352/795)...
Error processing GRPOF: Error occured processing
Processing GSRCF (353/795)...
Error processing GSRCF: Error occured processing
Processing GYSLF (354/795)...
Error processing GYSLF: Error occured processing
Processing HMFAF (355/795)...
Error processing HMFAF: Error occured processing
Processing HMMR (356/795)...
Error processing HMMR: Error occured processing
Processing HMMR (357/795)...
Error processing HMMR: Error occured processing
Processing HNGZY (358/795)...
Error processing HNGZY: Error occured processing
Processing HOKRF (359/795)...
Error processing HOKRF: Error occured processing
Processing HPCRF (360/795)...
Error processing HPCRF: Error occured processing
Processing HUDI (361/795)...
Error processing HUDI: Error occured processing
Processing HUKEF (362/795)...
Error processing HUKEF: Error occured processing
Processing HUPOF (363/795)...
Error processing HUPOF: Error occured processing
Processing HYHDF (364/795)...
Error processing HYHDF: Error occured processing
Processing HYLN (365/795)...
Error processing HYLN: Error occured processing
Processing IDYLF (366/795)...
Error processing IDYLF: Error occured processing
Processing IMTCF (367/795)...
Error processing IMTCF: Error occured processing
Processing INIKF (368/795)...
Error processing INIKF: Error occured processing
Processing IPOAF (369/795)...
Error processing IPOAF: Error occured processing
Processing ISRJF (370/795)...
Error processing ISRJF: Error occured processing
Processing JECFF (371/795)...
Error processing JECFF: Error occured processing
Processing JEXYF (372/795)...
Error processing JEXYF: Error occured processing
Processing JEXYY (373/795)...
Error processing JEXYY: Error occured processing
Processing JGLDF (374/795)...
Error processing JGLDF: Error occured processing
Processing JIAXF (375/795)...
Error processing JIAXF: Error occured processing
Processing JKSM (376/795)...
Error processing JKSM: Error occured processing
Processing KASHF (377/795)...
Error processing KASHF: Error occured processing
Processing KIKOF (378/795)...
Error processing KIKOF: Error occured processing
Processing KIKOY (379/795)...
Error processing KIKOY: Error occured processing
Processing KLGDF (380/795)...
Error processing KLGDF: Error occured processing
Processing LASE (381/795)...
Error processing LASE: Error occured processing
Processing LCKYF (382/795)...
Error processing LCKYF: Error occured processing
Processing LCMRF (383/795)...
Error processing LCMRF: Error occured processing
Processing LEVGQ (384/795)...
Error processing LEVGQ: Error occured processing
Processing LGHHF (385/795)...
Error processing LGHHF: Error occured processing
Processing LGHMF (386/795)...
Error processing LGHMF: Error occured processing
Processing LNGNF (387/795)...
Error processing LNGNF: Error occured processing
Processing LQWC (388/795)...
Error processing LQWC: Error occured processing
Processing LSRCF (389/795)...
Error processing LSRCF: Error occured processing
Processing LSRCY (390/795)...
Error processing LSRCY: Error occured processing
Processing LTHCF (391/795)...
Error processing LTHCF: Error occured processing
Processing LUOYF (392/795)...
Error processing LUOYF: Error occured processing
Processing LVRLF (393/795)...
Error processing LVRLF: Error occured processing
Processing MAANF (394/795)...
Error processing MAANF: Error occured processing
Processing MAEOY (395/795)...
Error processing MAEOY: Error occured processing
Processing MERVF (396/795)...
Error processing MERVF: Error occured processing
Processing MFMLF (397/795)...
Error processing MFMLF: Error occured processing
Processing MGTI (398/795)...
Error processing MGTI: Error occured processing
Processing MIELF (399/795)...
Error processing MIELF: Error occured processing
Processing MIELY (400/795)...
Error processing MIELY: Error occured processing
Processing MKEWF (401/795)...
Error processing MKEWF: Error occured processing
Processing MKTAY (402/795)...
Error processing MKTAY: Error occured processing
Processing MNLXF (403/795)...
Error processing MNLXF: Error occured processing
Processing MONTF (404/795)...
Error processing MONTF: Error occured processing
Processing MUNMF (405/795)...
Error processing MUNMF: Error occured processing
Processing MVBF (406/795)...
Error processing MVBF: Error occured processing
Processing MXGBF (407/795)...
Error processing MXGBF: Error occured processing
Processing NCPCF (408/795)...
Error processing NCPCF: Error occured processing
Processing NE (409/795)...
Error processing NE: Error occured processing
Processing NEGG (410/795)...
Error processing NEGG: Error occured processing
Processing NEXCF (411/795)...
Error processing NEXCF: Error occured processing
Processing NGPHF (412/795)...
Error processing NGPHF: Error occured processing
Processing NIPNF (413/795)...
Error processing NIPNF: Error occured processing
Processing NKLAQ (414/795)...
Error processing NKLAQ: Error occured processing
Processing NSSXF (415/795)...
Error processing NSSXF: Error occured processing
Processing NTST (416/795)...
Error processing NTST: Error occured processing
Processing NUE (417/795)...
Error processing NUE: Error occured processing
Processing OLCLF (418/795)...
Error processing OLCLF: Error occured processing
Processing OLCLY (419/795)...
Error processing OLCLY: Error occured processing
Processing OOOOF (420/795)...
Error processing OOOOF: Error occured processing
Processing ORRCF (421/795)...
Error processing ORRCF: Error occured processing
Processing OSKXF (422/795)...
Error processing OSKXF: Error occured processing
Processing PCH (423/795)...
Error processing PCH: Error occured processing
Processing PERF (424/795)...
Error processing PERF: Error occured processing
Processing PFIS (425/795)...
Error processing PFIS: Error occured processing
Processing PFRRF (426/795)...
Error processing PFRRF: Error occured processing
Processing PMCGF (427/795)...
Error processing PMCGF: Error occured processing
Processing POTRF (428/795)...
Error processing POTRF: Error occured processing
Processing PPOKF (429/795)...
Error processing PPOKF: Error occured processing
Processing PTBKF (430/795)...
Error processing PTBKF: Error occured processing
Processing PTMEY (431/795)...
Error processing PTMEY: Error occured processing
Processing PVSP (432/795)...
Error processing PVSP: Error occured processing
Processing PWRMF (433/795)...
Error processing PWRMF: Error occured processing
Processing QCAAF (434/795)...
Error processing QCAAF: Error occured processing
Processing REGMF (435/795)...
Error processing REGMF: Error occured processing
Processing RFMPF (436/795)...
Error processing RFMPF: Error occured processing
Processing RGNLF (437/795)...
Error processing RGNLF: Error occured processing
Processing RIOXF (438/795)...
Error processing RIOXF: Error occured processing
Processing RKMSF (439/795)...
Error processing RKMSF: Error occured processing
Processing RLHPF (440/795)...
Error processing RLHPF: Error occured processing
Processing RVXCF (441/795)...
Error processing RVXCF: Error occured processing
Processing SAHRF (442/795)...
Error processing SAHRF: Error occured processing
Processing SANM (443/795)...
Error processing SANM: Error occured processing
Processing SBAC (444/795)...
Error processing SBAC: Error occured processing
Processing SDGMF (445/795)...
Error processing SDGMF: Error occured processing
Processing SEB (446/795)...
Error processing SEB: Error occured processing
Processing SFDL (447/795)...
Error processing SFDL: Error occured processing
Processing SFDMF (448/795)...
Error processing SFDMF: Error occured processing
Processing SFDMY (449/795)...
Error processing SFDMY: Error occured processing
Processing SHEZF (450/795)...
Error processing SHEZF: Error occured processing
Processing SHNXY (451/795)...
Error processing SHNXY: Error occured processing
Processing SHPMF (452/795)...
Error processing SHPMF: Error occured processing
Processing SHPMY (453/795)...
Error processing SHPMY: Error occured processing
Processing SICUF (454/795)...
Error processing SICUF: Error occured processing
Processing SIELF (455/795)...
Error processing SIELF: Error occured processing
Processing SIELY (456/795)...
Error processing SIELY: Error occured processing
Processing SITC (457/795)...
Error processing SITC: Error occured processing
Processing SKSUF (458/795)...
Error processing SKSUF: Error occured processing
Processing SKSUY (459/795)...
Error processing SKSUY: Error occured processing
Processing SMAGF (460/795)...
Error processing SMAGF: Error occured processing
Processing SMCI (461/795)...
Error processing SMCI: Error occured processing
Processing SMGBF (462/795)...
Error processing SMGBF: Error occured processing
Processing SMSSY (463/795)...
Error processing SMSSY: Error occured processing
Processing SMSZF (464/795)...
Error processing SMSZF: Error occured processing
Processing SNLGF (465/795)...
Error processing SNLGF: Error occured processing
Processing SNPMF (466/795)...
Error processing SNPMF: Error occured processing
Processing SNWGF (467/795)...
Error processing SNWGF: Error occured processing
Processing SOLCF (468/795)...
Error processing SOLCF: Error occured processing
Processing SSD (469/795)...
Error processing SSD: Error occured processing
Processing STCPF (470/795)...
Error processing STCPF: Error occured processing
Processing TBXXF (471/795)...
Error processing TBXXF: Error occured processing
Processing TCVNF (472/795)...
Error processing TCVNF: Error occured processing
Processing TFSL (473/795)...
Error processing TFSL: Error occured processing
Processing TKGSF (474/795)...
Error processing TKGSF: Error occured processing
Processing TKGSY (475/795)...
Error processing TKGSY: Error occured processing
Processing TKMTY (476/795)...
Error processing TKMTY: Error occured processing
Processing TKYMF (477/795)...
Error processing TKYMF: Error occured processing
Processing TKYMY (478/795)...
Error processing TKYMY: Error occured processing
Processing TMASF (479/795)...
Error processing TMASF: Error occured processing
Processing TNLX (480/795)...
Error processing TNLX: Error occured processing
Processing TOAGF (481/795)...
Error processing TOAGF: Error occured processing
Processing TOYO (482/795)...
Error processing TOYO: Error occured processing
Processing TTDKF (483/795)...
Error processing TTDKF: Error occured processing
Processing TTDKY (484/795)...
Error processing TTDKY: Error occured processing
Processing TTMZF (485/795)...
Error processing TTMZF: Error occured processing
Processing TTMZF (486/795)...
Error processing TTMZF: Error occured processing
Processing TVCCF (487/795)...
Error processing TVCCF: Error occured processing
Processing TWO (488/795)...
Error processing TWO: Error occured processing
Processing TWO-PA (489/795)...
Error processing TWO-PA: Error occured processing
Processing TWO-PB (490/795)...
Error processing TWO-PB: Error occured processing
Processing TWO-PC (491/795)...
Error processing TWO-PC: Error occured processing
Processing TYHOF (492/795)...
Error processing TYHOF: Error occured processing
Processing TYHOY (493/795)...
Error processing TYHOY: Error occured processing
Processing UAN (494/795)...
Error processing UAN: Error occured processing
Processing UCIX (495/795)...
Error processing UCIX: Error occured processing
Processing UCLQF (496/795)...
Error processing UCLQF: Error occured processing
Processing UCTT (497/795)...
Error processing UCTT: Error occured processing
Processing ULBI (498/795)...
Error processing ULBI: Error occured processing
Processing USSHF (499/795)...
Error processing USSHF: Error occured processing
Processing UWHR (500/795)...
Error processing UWHR: Error occured processing
Processing VDOMF (501/795)...
Error processing VDOMF: Error occured processing
Processing VDTAF (502/795)...
Error processing VDTAF: Error occured processing
Processing VERF (503/795)...
Error processing VERF: Error occured processing
Processing VERF (504/795)...
Error processing VERF: Error occured processing
Processing VIPRF (505/795)...
Error processing VIPRF: Error occured processing
Processing VITOF (506/795)...
Error processing VITOF: Error occured processing
Processing VLMGF (507/795)...
Error processing VLMGF: Error occured processing
Processing VRVR (508/795)...
Error processing VRVR: Error occured processing
Processing VVIVF (509/795)...
Error processing VVIVF: Error occured processing
Processing WHGOF (510/795)...
Error processing WHGOF: Error occured processing
Processing WIVCF (511/795)...
Error processing WIVCF: Error occured processing
Processing YUHNF (512/795)...
Error processing YUHNF: Error occured processing
Processing AGFAF (513/795)...
Error processing AGFAF: Error occured processing
Processing CRSTF (514/795)...
Error processing CRSTF: Error occured processing
Processing DNDDF (515/795)...
Error processing DNDDF: Error occured processing
Processing DPZ (516/795)...
Error processing DPZ: Error occured processing
Processing DSAIF (517/795)...
Error processing DSAIF: Error occured processing
Processing DSAIF (518/795)...
Error processing DSAIF: Error occured processing
Processing DSECF (519/795)...
Error processing DSECF: Error occured processing
Processing DSEEY (520/795)...
Error processing DSEEY: Error occured processing
Processing DTGI (521/795)...
Error processing DTGI: Error occured processing
Processing DUUO (522/795)...
Error processing DUUO: Error occured processing
Processing ESLGF (523/795)...
Error processing ESLGF: Error occured processing
Processing HRBR (524/795)...
Error processing HRBR: Error occured processing
Processing NGMDF (525/795)...
Error processing NGMDF: Error occured processing
Processing VPTDF (526/795)...
Error processing VPTDF: Error occured processing
Processing YWRLF (527/795)...
Error processing YWRLF: Error occured processing
Processing BABYF (528/795)...
Error processing BABYF: Error occured processing
Processing EFTR (529/795)...
Error processing EFTR: Error occured processing
Processing EGPLF (530/795)...
Error processing EGPLF: Error occured processing
Processing EGY (531/795)...
Error processing EGY: Error occured processing
Processing EH (532/795)...
Error processing EH: Error occured processing
Processing ELLKF (533/795)...
Error processing ELLKF: Error occured processing
Processing ELLKY (534/795)...
Error processing ELLKY: Error occured processing
Processing ELNRF (535/795)...
Error processing ELNRF: Error occured processing
Processing ELXXF (536/795)...
Error processing ELXXF: Error occured processing
Processing ENETF (537/795)...
Error processing ENETF: Error occured processing
Processing EXEL (538/795)...
Error processing EXEL: Error occured processing
Processing EZPW (539/795)...
Error processing EZPW: Error occured processing
Processing GLPEF (540/795)...
Error processing GLPEF: Error occured processing
Processing GLPEY (541/795)...
Error processing GLPEY: Error occured processing
Processing GMBL (542/795)...
Error processing GMBL: Error occured processing
Processing GMBLP (543/795)...
Error processing GMBLP: Error occured processing
Processing GROM (544/795)...
Error processing GROM: Error occured processing
Processing GROM (545/795)...
Error processing GROM: Error occured processing
Processing HEES (546/795)...
Error processing HEES: Error occured processing
Processing HLRTF (547/795)...
Error processing HLRTF: Error occured processing
Processing HTLD (548/795)...
Error processing HTLD: Error occured processing
Processing JDSEF (549/795)...
Error processing JDSEF: Error occured processing
Processing JROOF (550/795)...
Error processing JROOF: Error occured processing
Processing LNDZF (551/795)...
Error processing LNDZF: Error occured processing
Processing LVVV (552/795)...
Error processing LVVV: Error occured processing
Processing MKSEF (553/795)...
Error processing MKSEF: Error occured processing
Processing MLCO (554/795)...
Error processing MLCO: Error occured processing
Processing MNSEF (555/795)...
Error processing MNSEF: Error occured processing
Processing NBPVF (556/795)...
Error processing NBPVF: Error occured processing
Processing PEXZF (557/795)...
Error processing PEXZF: Error occured processing
Processing RDRIF (558/795)...
Error processing RDRIF: Error occured processing
Processing SEI (559/795)...
Error processing SEI: Error occured processing
Processing SEPLF (560/795)...
Error processing SEPLF: Error occured processing
Processing SEUSF (561/795)...
Error processing SEUSF: Error occured processing
Processing SSEIF (562/795)...
Error processing SSEIF: Error occured processing
Processing TRLEF (563/795)...
Error processing TRLEF: Error occured processing
Processing TXEMF (564/795)...
Error processing TXEMF: Error occured processing
Processing VTMEF (565/795)...
Error processing VTMEF: Error occured processing
Processing XELA (566/795)...
Error processing XELA: Error occured processing
Processing XELAP (567/795)...
Error processing XELAP: Error occured processing
Processing XESP (568/795)...
Error processing XESP: Error occured processing
Processing BKOR (569/795)...
Error processing BKOR: Error occured processing
Processing FDMIF (570/795)...
Error processing FDMIF: Error occured processing
Processing FFBW (571/795)...
Error processing FFBW: Error occured processing
Processing FFIV (572/795)...
Error processing FFIV: Error occured processing
Processing FFNW (573/795)...
Error processing FFNW: Error occured processing
Processing FIISO (574/795)...
Error processing FIISO: Error occured processing
Processing FIISP (575/795)...
Error processing FIISP: Error occured processing
Processing FINN (576/795)...
Error processing FINN: Error occured processing
Processing FISI (577/795)...
Error processing FISI: Error occured processing
Processing FLMTF (578/795)...
Error processing FLMTF: Error occured processing
Processing FLXT (579/795)...
Error processing FLXT: Error occured processing
Processing FPI (580/795)...
Error processing FPI: Error occured processing
Processing GBFH (581/795)...
Error processing GBFH: Error occured processing
Processing LOWLF (582/795)...
Error processing LOWLF: Error occured processing
Processing PKKFF (583/795)...
Error processing PKKFF: Error occured processing
Processing PROV (584/795)...
Error processing PROV: Error occured processing
Processing VFRM (585/795)...
Error processing VFRM: Error occured processing
Processing GCHOY (586/795)...
Error processing GCHOY: Error occured processing
Processing GENC (587/795)...
Error processing GENC: Error occured processing
Processing GGB (588/795)...
Error processing GGB: Error occured processing
Processing GGDVF (589/795)...
Error processing GGDVF: Error occured processing
Processing GGDVY (590/795)...
Error processing GGDVY: Error occured processing
Processing GGGOF (591/795)...
Error processing GGGOF: Error occured processing
Processing GGTHF (592/795)...
Error processing GGTHF: Error occured processing
Processing GIGM (593/795)...
Error processing GIGM: Error occured processing
Processing GIPIF (594/795)...
Error processing GIPIF: Error occured processing
Processing GKPRF (595/795)...
Error processing GKPRF: Error occured processing
Processing GLTO (596/795)...
Error processing GLTO: Error occured processing
Processing GPHOF (597/795)...
Error processing GPHOF: Error occured processing
Processing GUGNF (598/795)...
Error processing GUGNF: Error occured processing
Processing GVXXF (599/795)...
Error processing GVXXF: Error occured processing
Processing KNDI (600/795)...
Error processing KNDI: Error occured processing
Processing KYBWF (601/795)...
Error processing KYBWF: Error occured processing
Processing LNCLF (602/795)...
Error processing LNCLF: Error occured processing
Processing LODFF (603/795)...
Error processing LODFF: Error occured processing
Processing NCAUF (604/795)...
Error processing NCAUF: Error occured processing
Processing NETWF (605/795)...
Error processing NETWF: Error occured processing
Processing PPAAF (606/795)...
Error processing PPAAF: Error occured processing
Processing PPAAY (607/795)...
Error processing PPAAY: Error occured processing
Processing PTGOF (608/795)...
Error processing PTGOF: Error occured processing
Processing QNNTF (609/795)...
Error processing QNNTF: Error occured processing
Processing SDA (610/795)...
Error processing SDA: Error occured processing
Processing SGRP (611/795)...
Error processing SGRP: Error occured processing
Processing SJW (612/795)...
Error processing SJW: Error occured processing
Processing TSORF (613/795)...
Error processing TSORF: Error occured processing
Processing UGHB (614/795)...
Error processing UGHB: Error occured processing
Processing USLG (615/795)...
Error processing USLG: Error occured processing
Processing VINOQ (616/795)...
Error processing VINOQ: Error occured processing
Processing YWGRF (617/795)...
Error processing YWGRF: Error occured processing
Processing CHYPF (618/795)...
Error processing CHYPF: Error occured processing
Processing EVRRF (619/795)...
Error processing EVRRF: Error occured processing
Processing HAPBF (620/795)...
Error processing HAPBF: Error occured processing
Processing HLIT (621/795)...
Error processing HLIT: Error occured processing
Processing HMBL (622/795)...
Error processing HMBL: Error occured processing
Processing HMST (623/795)...
Error processing HMST: Error occured processing
Processing HMTXF (624/795)...
Error processing HMTXF: Error occured processing
Processing HOPHF (625/795)...
Error processing HOPHF: Error occured processing
Processing HSTA (626/795)...
Error processing HSTA: Error occured processing
Processing HSTOQ (627/795)...
Error processing HSTOQ: Error occured processing
Processing HTHIF (628/795)...
Error processing HTHIF: Error occured processing
Processing HTHIY (629/795)...
Error processing HTHIY: Error occured processing
Processing HUNGF (630/795)...
Error processing HUNGF: Error occured processing
Processing HYDTF (631/795)...
Error processing HYDTF: Error occured processing
Processing INND (632/795)...
Error processing INND: Error occured processing
Processing LIMX (633/795)...
Error processing LIMX: Error occured processing
Processing LU (634/795)...
Error processing LU: Error occured processing
Processing LUXFD (635/795)...
Error processing LUXFD: Error occured processing
Processing LUXFF (636/795)...
Error processing LUXFF: Error occured processing
Processing LUXH (637/795)...
Error processing LUXH: Error occured processing
Processing LUXHP (638/795)...
Error processing LUXHP: Error occured processing
Processing MARK (639/795)...
Error processing MARK: Error occured processing
Processing MHIFF (640/795)...
Error processing MHIFF: Error occured processing
Processing OPTX (641/795)...
Error processing OPTX: Error occured processing
Processing OSCMY (642/795)...
Error processing OSCMY: Error occured processing
Processing PNDHF (643/795)...
Error processing PNDHF: Error occured processing
Processing PPIH (644/795)...
Error processing PPIH: Error occured processing
Processing PT (645/795)...
Error processing PT: Error occured processing
Processing SEVN (646/795)...
Error processing SEVN: Error occured processing
Processing SOND (647/795)...
Error processing SOND: Error occured processing
Processing STRM (648/795)...
Error processing STRM: Error occured processing
Processing SUIC (649/795)...
Error processing SUIC: Error occured processing
Processing UHS (650/795)...
Error processing UHS: Error occured processing
Processing UHT (651/795)...
Error processing UHT: Error occured processing
Processing VSEE (652/795)...
Error processing VSEE: Error occured processing
Processing WPFH (653/795)...
Error processing WPFH: Error occured processing
Processing BRIOF (654/795)...
Error processing BRIOF: Error occured processing
Processing DBKSF (655/795)...
Error processing DBKSF: Error occured processing
Processing ICCT (656/795)...
Error processing ICCT: Error occured processing
Processing ICNP (657/795)...
Error processing ICNP: Error occured processing
Processing IMYSF (658/795)...
Error processing IMYSF: Error occured processing
Processing IMYSY (659/795)...
Error processing IMYSY: Error occured processing
Processing INCR (660/795)...
Error processing INCR: Error occured processing
Processing INMD (661/795)...
Error processing INMD: Error occured processing
Processing INTWF (662/795)...
Error processing INTWF: Error occured processing
Processing INVRF (663/795)...
Error processing INVRF: Error occured processing
Processing IQEPF (664/795)...
Error processing IQEPF: Error occured processing
Processing IQEPY (665/795)...
Error processing IQEPY: Error occured processing
Processing ISUNQ (666/795)...
Error processing ISUNQ: Error occured processing
Processing JNCCF (667/795)...
Error processing JNCCF: Error occured processing
Processing KFRC (668/795)...
Error processing KFRC: Error occured processing
Processing KRKNF (669/795)...
Error processing KRKNF: Error occured processing
Processing KRLTF (670/795)...
Error processing KRLTF: Error occured processing
Processing LEG (671/795)...
Error processing LEG: Error occured processing
Processing LFSWF (672/795)...
Error processing LFSWF: Error occured processing
Processing LMLLF (673/795)...
Error processing LMLLF: Error occured processing
Processing LPMDF (674/795)...
Error processing LPMDF: Error occured processing
Processing LTRX (675/795)...
Error processing LTRX: Error occured processing
Processing LYRA (676/795)...
Error processing LYRA: Error occured processing
Processing MCSAP (677/795)...
Error processing MCSAP: Error occured processing
Processing MCUJF (678/795)...
Error processing MCUJF: Error occured processing
Processing MED (679/795)...
Error processing MED: Error occured processing
Processing MEDVF (680/795)...
Error processing MEDVF: Error occured processing
Processing MENEF (681/795)...
Error processing MENEF: Error occured processing
Processing MMATQ (682/795)...
Error processing MMATQ: Error occured processing
Processing MMND (683/795)...
Error processing MMND: Error occured processing
Processing MSTEP (684/795)...
Error processing MSTEP: Error occured processing
Processing MTEM (685/795)...
Error processing MTEM: Error occured processing
Processing MTEMQ (686/795)...
Error processing MTEMQ: Error occured processing
Processing NAAS (687/795)...
Error processing NAAS: Error occured processing
Processing NCRA (688/795)...
Error processing NCRA: Error occured processing
Processing NDVAF (689/795)...
Error processing NDVAF: Error occured processing
Processing NEPTF (690/795)...
Error processing NEPTF: Error occured processing
Processing NEXNF (691/795)...
Error processing NEXNF: Error occured processing
Processing NGKIF (692/795)...
Error processing NGKIF: Error occured processing
Processing NLST (693/795)...
Error processing NLST: Error occured processing
Processing NMRD (694/795)...
Error processing NMRD: Error occured processing
Processing NOV (695/795)...
Error processing NOV: Error occured processing
Processing NPK (696/795)...
Error processing NPK: Error occured processing
Processing NRRWF (697/795)...
Error processing NRRWF: Error occured processing
Processing NSUPF (698/795)...
Error processing NSUPF: Error occured processing
Processing NTRB (699/795)...
Error processing NTRB: Error occured processing
Processing NUMIF (700/795)...
Error processing NUMIF: Error occured processing
Processing NVOS (701/795)...
Error processing NVOS: Error occured processing
Processing NVRVF (702/795)...
Error processing NVRVF: Error occured processing
Processing NWTN (703/795)...
Error processing NWTN: Error occured processing
Processing OGNRF (704/795)...
Error processing OGNRF: Error occured processing
Processing ORGS (705/795)...
Error processing ORGS: Error occured processing
Processing ORKA (706/795)...
Error processing ORKA: Error occured processing
Processing OROXF (707/795)...
Error processing OROXF: Error occured processing
Processing OWRDF (708/795)...
Error processing OWRDF: Error occured processing
Processing PCHM (709/795)...
Error processing PCHM: Error occured processing
Processing PDM (710/795)...
Error processing PDM: Error occured processing
Processing PEVM (711/795)...
Error processing PEVM: Error occured processing
Processing PGID (712/795)...
Error processing PGID: Error occured processing
Processing PGID (713/795)...
Error processing PGID: Error occured processing
Processing PIFMF (714/795)...
Error processing PIFMF: Error occured processing
Processing PIFMY (715/795)...
Error processing PIFMY: Error occured processing
Processing PLCKF (716/795)...
Error processing PLCKF: Error occured processing
Processing PNPNF (717/795)...
Error processing PNPNF: Error occured processing
Processing PSGTF (718/795)...
Error processing PSGTF: Error occured processing
Processing PSGTY (719/795)...
Error processing PSGTY: Error occured processing
Processing PSRYF (720/795)...
Error processing PSRYF: Error occured processing
Processing PTITF (721/795)...
Error processing PTITF: Error occured processing
Processing PTMYF (722/795)...
Error processing PTMYF: Error occured processing
Processing QLGN (723/795)...
Error processing QLGN: Error occured processing
Processing RBOT (724/795)...
Error processing RBOT: Error occured processing
Processing RBTC (725/795)...
Error processing RBTC: Error occured processing
Processing RKVTF (726/795)...
Error processing RKVTF: Error occured processing
Processing RMBS (727/795)...
Error processing RMBS: Error occured processing
Processing ROP (728/795)...
Error processing ROP: Error occured processing
Processing RPT (729/795)...
Error processing RPT: Error occured processing
Processing RPT-PC (730/795)...
Error processing RPT-PC: Error occured processing
Processing RVTY (731/795)...
Error processing RVTY: Error occured processing
Processing SHMP (732/795)...
Error processing SHMP: Error occured processing
Processing SHMP (733/795)...
Error processing SHMP: Error occured processing
Processing SHWZ (734/795)...
Error processing SHWZ: Error occured processing
Processing SLSN (735/795)...
Error processing SLSN: Error occured processing
Processing SNIPF (736/795)...
Error processing SNIPF: Error occured processing
Processing SOCNF (737/795)...
Error processing SOCNF: Error occured processing
Processing SRKE (738/795)...
Error processing SRKE: Error occured processing
Processing SRSG (739/795)...
Error processing SRSG: Error occured processing
Processing SSKN (740/795)...
Error processing SSKN: Error occured processing
Processing TER (741/795)...
Error processing TER: Error occured processing
Processing TRVN (742/795)...
Error processing TRVN: Error occured processing
Processing UFPI (743/795)...
Error processing UFPI: Error occured processing
Processing UNXP (744/795)...
Error processing UNXP: Error occured processing
Processing USLM (745/795)...
Error processing USLM: Error occured processing
Processing VDRM (746/795)...
Error processing VDRM: Error occured processing
Processing VDRM (747/795)...
Error processing VDRM: Error occured processing
Processing VISL (748/795)...
Error processing VISL: Error occured processing
Processing VSQTF (749/795)...
Error processing VSQTF: Error occured processing
Processing WELL (750/795)...
Error processing WELL: Error occured processing
Processing WM (751/795)...
Error processing WM: Error occured processing
Processing WWD (752/795)...
Error processing WWD: Error occured processing
Processing XIFR (753/795)...
Error processing XIFR: Error occured processing
Processing PTJSF (754/795)...
Error processing PTJSF: Error occured processing
Processing PTJSY (755/795)...
Error processing PTJSY: Error occured processing
Processing PTPKF (756/795)...
Error processing PTPKF: Error occured processing
Processing KMTUF (757/795)...
Error processing KMTUF: Error occured processing
Processing KMTUY (758/795)...
Error processing KMTUY: Error occured processing
Processing KVGOF (759/795)...
Error processing KVGOF: Error occured processing
Processing LMMFF (760/795)...
Error processing LMMFF: Error occured processing
Processing LOBEF (761/795)...
Error processing LOBEF: Error occured processing
Processing MKNGF (762/795)...
Error processing MKNGF: Error occured processing
Processing NPPSF (763/795)...
Error processing NPPSF: Error occured processing
Processing OPRA (764/795)...
Error processing OPRA: Error occured processing
Processing PCQRF (765/795)...
Error processing PCQRF: Error occured processing
Processing PLTYF (766/795)...
Error processing PLTYF: Error occured processing
Processing RIG (767/795)...
Error processing RIG: Error occured processing
Processing SAPLF (768/795)...
Error processing SAPLF: Error occured processing
Processing SILC (769/795)...
Error processing SILC: Error occured processing
Processing SPCB (770/795)...
Error processing SPCB: Error occured processing
Processing SPNT (771/795)...
Error processing SPNT: Error occured processing
Processing SPNT-PB (772/795)...
Error processing SPNT-PB: Error occured processing
Processing SRL (773/795)...
Error processing SRL: Error occured processing
Processing SRLZF (774/795)...
Error processing SRLZF: Error occured processing
Processing TAOIF (775/795)...
Error processing TAOIF: Error occured processing
Processing TOTDF (776/795)...
Error processing TOTDF: Error occured processing
Processing TOTDY (777/795)...
Error processing TOTDY: Error occured processing
Processing YGRAF (778/795)...
Error processing YGRAF: Error occured processing
Processing MHPSL (779/795)...
Error processing MHPSL: Error occured processing
Processing MHPSY (780/795)...
Error processing MHPSY: Error occured processing
Processing MMAPF (781/795)...
Error processing MMAPF: Error occured processing
Processing MRVCF (782/795)...
Error processing MRVCF: Error occured processing
Processing POWMF (783/795)...
Error processing POWMF: Error occured processing
Processing NXPI (784/795)...
Error processing NXPI: Error occured processing
Processing PTTMF (785/795)...
Error processing PTTMF: Error occured processing
Processing PTXAF (786/795)...
Error processing PTXAF: Error occured processing
Processing PTXKY (787/795)...
Error processing PTXKY: Error occured processing
Processing PUTKF (788/795)...
Error processing PUTKF: Error occured processing
Processing PUTKY (789/795)...
Error processing PUTKY: Error occured processing
Processing ROQAF (790/795)...
Error processing ROQAF: Error occured processing
Processing TRATF (791/795)...
Error processing TRATF: Error occured processing
Processing TRATY (792/795)...
Error processing TRATY: Error occured processing
Processing VIVHY (793/795)...
Error processing VIVHY: Error occured processing
Processing VSCFF (794/795)...
Error processing VSCFF: Error occured processing
Processing VVVNF (795/795)...
Error processing VVVNF: Error occured processing
Full results saved to 20250428.csv
Processing recommendations...
No recommendations found that meet the criteria.
No recommendations found.
Email notification sent.
